# JRE version: Java(TM) SE Runtime Environment (17.0.11+7) (build 17.0.11+7-LTS-207)
# Java VM: Java HotSpot(TM) 64-Bit Server VM (17.0.11+7-LTS-207, mixed mode, sharing, tiered, compressed oops, compressed class ptrs, g1 gc, windows-amd64)
GC Precious Log:
 CPUs: 8 total, 8 available
 Memory: 7932M
 Large Page Support: Disabled
 NUMA Support: Disabled
 Compressed Oops: Enabled (32-bit)
 Heap Region Size: 1M
 Heap Min Capacity: 8M
 Heap Initial Capacity: 124M
 Heap Max Capacity: 1984M
 Pre-touch: Disabled
 Parallel Workers: 8
 Concurrent Workers: 2
 Concurrent Refinement Workers: 8
 Periodic GC: Disabled
Heap:
 garbage-first heap   total 65536K, used 33258K [0x0000000084000000, 0x0000000100000000)
  region size 1024K, 8 young (8192K), 2 survivors (2048K)
 Metaspace       used 56531K, committed 57088K, reserved 1114112K
  class space    used 7504K, committed 7744K, reserved 1048576K
GC Heap History (20 events):
Event: 3.985 GC heap before
{Heap before GC invocations=9 (full 0):
 garbage-first heap   total 76800K, used 25278K [0x0000000084000000, 0x0000000100000000)
  region size 1024K, 12 young (12288K), 3 survivors (3072K)
 Metaspace       used 35498K, committed 35968K, reserved 1114112K
  class space    used 4628K, committed 4864K, reserved 1048576K
}
Event: 3.990 GC heap after
{Heap after GC invocations=10 (full 0):
 garbage-first heap   total 76800K, used 17692K [0x0000000084000000, 0x0000000100000000)
  region size 1024K, 3 young (3072K), 3 survivors (3072K)
 Metaspace       used 35498K, committed 35968K, reserved 1114112K
  class space    used 4628K, committed 4864K, reserved 1048576K
}
Event: 4.656 GC heap before
{Heap before GC invocations=11 (full 0):
 garbage-first heap   total 65536K, used 53532K [0x0000000084000000, 0x0000000100000000)
  region size 1024K, 38 young (38912K), 3 survivors (3072K)
 Metaspace       used 43002K, committed 43456K, reserved 1114112K
  class space    used 5677K, committed 5888K, reserved 1048576K
}
Event: 4.665 GC heap after
{Heap after GC invocations=12 (full 0):
 garbage-first heap   total 65536K, used 21587K [0x0000000084000000, 0x0000000100000000)
  region size 1024K, 5 young (5120K), 5 survivors (5120K)
 Metaspace       used 43002K, committed 43456K, reserved 1114112K
  class space    used 5677K, committed 5888K, reserved 1048576K
}
Event: 5.166 GC heap before
{Heap before GC invocations=13 (full 0):
 garbage-first heap   total 65536K, used 49235K [0x0000000084000000, 0x0000000100000000)
  region size 1024K, 32 young (32768K), 5 survivors (5120K)
 Metaspace       used 45588K, committed 46144K, reserved 1114112K
  class space    used 6052K, committed 6336K, reserved 1048576K
}
Event: 5.173 GC heap after
{Heap after GC invocations=14 (full 0):
 garbage-first heap   total 65536K, used 24032K [0x0000000084000000, 0x0000000100000000)
  region size 1024K, 3 young (3072K), 3 survivors (3072K)
 Metaspace       used 45588K, committed 46144K, reserved 1114112K
  class space    used 6052K, committed 6336K, reserved 1048576K
}
Event: 5.632 GC heap before
{Heap before GC invocations=14 (full 0):
 garbage-first heap   total 65536K, used 49632K [0x0000000084000000, 0x0000000100000000)
  region size 1024K, 28 young (28672K), 3 survivors (3072K)
 Metaspace       used 47396K, committed 47872K, reserved 1114112K
  class space    used 6297K, committed 6528K, reserved 1048576K
}
Event: 5.637 GC heap after
{Heap after GC invocations=15 (full 0):
 garbage-first heap   total 65536K, used 25629K [0x0000000084000000, 0x0000000100000000)
  region size 1024K, 4 young (4096K), 4 survivors (4096K)
 Metaspace       used 47396K, committed 47872K, reserved 1114112K
  class space    used 6297K, committed 6528K, reserved 1048576K
}
Event: 10.086 GC heap before
{Heap before GC invocations=15 (full 0):
 garbage-first heap   total 65536K, used 50205K [0x0000000084000000, 0x0000000100000000)
  region size 1024K, 28 young (28672K), 4 survivors (4096K)
 Metaspace       used 51600K, committed 52160K, reserved 1114112K
  class space    used 6899K, committed 7168K, reserved 1048576K
}
Event: 10.093 GC heap after
{Heap after GC invocations=16 (full 0):
 garbage-first heap   total 65536K, used 27179K [0x0000000084000000, 0x0000000100000000)
  region size 1024K, 2 young (2048K), 2 survivors (2048K)
 Metaspace       used 51600K, committed 52160K, reserved 1114112K
  class space    used 6899K, committed 7168K, reserved 1048576K
}
Event: 129.834 GC heap before
{Heap before GC invocations=16 (full 0):
 garbage-first heap   total 65536K, used 49707K [0x0000000084000000, 0x0000000100000000)
  region size 1024K, 25 young (25600K), 2 survivors (2048K)
 Metaspace       used 54333K, committed 54912K, reserved 1114112K
  class space    used 7259K, committed 7552K, reserved 1048576K
}
Event: 129.840 GC heap after
{Heap after GC invocations=17 (full 0):
 garbage-first heap   total 65536K, used 27572K [0x0000000084000000, 0x0000000100000000)
  region size 1024K, 3 young (3072K), 3 survivors (3072K)
 Metaspace       used 54333K, committed 54912K, reserved 1114112K
  class space    used 7259K, committed 7552K, reserved 1048576K
}
Event: 277.833 GC heap before
{Heap before GC invocations=17 (full 0):
 garbage-first heap   total 65536K, used 50100K [0x0000000084000000, 0x0000000100000000)
  region size 1024K, 26 young (26624K), 3 survivors (3072K)
 Metaspace       used 56042K, committed 56576K, reserved 1114112K
  class space    used 7469K, committed 7744K, reserved 1048576K
}
Event: 277.837 GC heap after
{Heap after GC invocations=18 (full 0):
 garbage-first heap   total 65536K, used 28223K [0x0000000084000000, 0x0000000100000000)
  region size 1024K, 2 young (2048K), 2 survivors (2048K)
 Metaspace       used 56042K, committed 56576K, reserved 1114112K
  class space    used 7469K, committed 7744K, reserved 1048576K
}
Event: 522.999 GC heap before
{Heap before GC invocations=18 (full 0):
 garbage-first heap   total 65536K, used 51775K [0x0000000084000000, 0x0000000100000000)
  region size 1024K, 25 young (25600K), 2 survivors (2048K)
 Metaspace       used 56161K, committed 56704K, reserved 1114112K
  class space    used 7469K, committed 7744K, reserved 1048576K
}
Event: 523.003 GC heap after
{Heap after GC invocations=19 (full 0):
 garbage-first heap   total 65536K, used 28181K [0x0000000084000000, 0x0000000100000000)
  region size 1024K, 2 young (2048K), 2 survivors (2048K)
 Metaspace       used 56161K, committed 56704K, reserved 1114112K
  class space    used 7469K, committed 7744K, reserved 1048576K
}
Event: 791.122 GC heap before
{Heap before GC invocations=19 (full 0):
 garbage-first heap   total 65536K, used 52757K [0x0000000084000000, 0x0000000100000000)
  region size 1024K, 26 young (26624K), 2 survivors (2048K)
 Metaspace       used 56210K, committed 56832K, reserved 1114112K
  class space    used 7469K, committed 7744K, reserved 1048576K
}
Event: 791.187 GC heap after
{Heap after GC invocations=20 (full 0):
 garbage-first heap   total 65536K, used 28153K [0x0000000084000000, 0x0000000100000000)
  region size 1024K, 2 young (2048K), 2 survivors (2048K)
 Metaspace       used 56210K, committed 56832K, reserved 1114112K
  class space    used 7469K, committed 7744K, reserved 1048576K
}
Event: 1075.068 GC heap before
{Heap before GC invocations=20 (full 0):
 garbage-first heap   total 65536K, used 53753K [0x0000000084000000, 0x0000000100000000)
  region size 1024K, 27 young (27648K), 2 survivors (2048K)
 Metaspace       used 56352K, committed 56960K, reserved 1114112K
  class space    used 7469K, committed 7744K, reserved 1048576K
}
Event: 1075.088 GC heap after
{Heap after GC invocations=21 (full 0):
 garbage-first heap   total 65536K, used 28138K [0x0000000084000000, 0x0000000100000000)
  region size 1024K, 2 young (2048K), 2 survivors (2048K)
 Metaspace       used 56352K, committed 56960K, reserved 1114112K
  class space    used 7469K, committed 7744K, reserved 1048576K
}

