# JRE version: Java(TM) SE Runtime Environment (17.0.11+7) (build 17.0.11+7-LTS-207)
# Java VM: Java HotSpot(TM) 64-Bit Server VM (17.0.11+7-LTS-207, mixed mode, sharing, tiered, compressed oops, compressed class ptrs, g1 gc, windows-amd64)
GC Precious Log:
 CPUs: 8 total, 8 available
 Memory: 7932M
 Large Page Support: Disabled
 NUMA Support: Disabled
 Compressed Oops: Enabled (32-bit)
 Heap Region Size: 1M
 Heap Min Capacity: 8M
 Heap Initial Capacity: 124M
 Heap Max Capacity: 1984M
 Pre-touch: Disabled
 Parallel Workers: 8
 Concurrent Workers: 2
 Concurrent Refinement Workers: 8
 Periodic GC: Disabled
Heap:
 garbage-first heap   total 97280K, used 48113K [0x0000000084000000, 0x0000000100000000)
  region size 1024K, 29 young (29696K), 6 survivors (6144K)
 Metaspace       used 49157K, committed 49728K, reserved 1114112K
  class space    used 6529K, committed 6784K, reserved 1048576K
GC Heap History (20 events):
Event: 2.757 GC heap before
{Heap before GC invocations=4 (full 0):
 garbage-first heap   total 48128K, used 33866K [0x0000000084000000, 0x0000000100000000)
  region size 1024K, 28 young (28672K), 7 survivors (7168K)
 Metaspace       used 23689K, committed 24000K, reserved 1114112K
  class space    used 3042K, committed 3200K, reserved 1048576K
}
Event: 2.766 GC heap after
{Heap after GC invocations=5 (full 0):
 garbage-first heap   total 48128K, used 13514K [0x0000000084000000, 0x0000000100000000)
  region size 1024K, 2 young (2048K), 2 survivors (2048K)
 Metaspace       used 23689K, committed 24000K, reserved 1114112K
  class space    used 3042K, committed 3200K, reserved 1048576K
}
Event: 2.791 GC heap before
{Heap before GC invocations=5 (full 0):
 garbage-first heap   total 48128K, used 14538K [0x0000000084000000, 0x0000000100000000)
  region size 1024K, 3 young (3072K), 2 survivors (2048K)
 Metaspace       used 23758K, committed 24064K, reserved 1114112K
  class space    used 3054K, committed 3200K, reserved 1048576K
}
Event: 2.795 GC heap after
{Heap after GC invocations=6 (full 0):
 garbage-first heap   total 48128K, used 13777K [0x0000000084000000, 0x0000000100000000)
  region size 1024K, 1 young (1024K), 1 survivors (1024K)
 Metaspace       used 23758K, committed 24064K, reserved 1114112K
  class space    used 3054K, committed 3200K, reserved 1048576K
}
Event: 3.412 GC heap before
{Heap before GC invocations=6 (full 0):
 garbage-first heap   total 48128K, used 33233K [0x0000000084000000, 0x0000000100000000)
  region size 1024K, 20 young (20480K), 1 survivors (1024K)
 Metaspace       used 27211K, committed 27584K, reserved 1114112K
  class space    used 3580K, committed 3776K, reserved 1048576K
}
Event: 3.415 GC heap after
{Heap after GC invocations=7 (full 0):
 garbage-first heap   total 48128K, used 15068K [0x0000000084000000, 0x0000000100000000)
  region size 1024K, 2 young (2048K), 2 survivors (2048K)
 Metaspace       used 27211K, committed 27584K, reserved 1114112K
  class space    used 3580K, committed 3776K, reserved 1048576K
}
Event: 3.766 GC heap before
{Heap before GC invocations=7 (full 0):
 garbage-first heap   total 48128K, used 33500K [0x0000000084000000, 0x0000000100000000)
  region size 1024K, 21 young (21504K), 2 survivors (2048K)
 Metaspace       used 28575K, committed 29056K, reserved 1114112K
  class space    used 3793K, committed 4032K, reserved 1048576K
}
Event: 3.770 GC heap after
{Heap after GC invocations=8 (full 0):
 garbage-first heap   total 48128K, used 16137K [0x0000000084000000, 0x0000000100000000)
  region size 1024K, 2 young (2048K), 2 survivors (2048K)
 Metaspace       used 28575K, committed 29056K, reserved 1114112K
  class space    used 3793K, committed 4032K, reserved 1048576K
}
Event: 4.431 GC heap before
{Heap before GC invocations=8 (full 0):
 garbage-first heap   total 48128K, used 33545K [0x0000000084000000, 0x0000000100000000)
  region size 1024K, 20 young (20480K), 2 survivors (2048K)
 Metaspace       used 31933K, committed 32320K, reserved 1114112K
  class space    used 4190K, committed 4352K, reserved 1048576K
}
Event: 4.435 GC heap after
{Heap after GC invocations=9 (full 0):
 garbage-first heap   total 48128K, used 17279K [0x0000000084000000, 0x0000000100000000)
  region size 1024K, 3 young (3072K), 3 survivors (3072K)
 Metaspace       used 31933K, committed 32320K, reserved 1114112K
  class space    used 4190K, committed 4352K, reserved 1048576K
}
Event: 4.956 GC heap before
{Heap before GC invocations=9 (full 0):
 garbage-first heap   total 48128K, used 28543K [0x0000000084000000, 0x0000000100000000)
  region size 1024K, 16 young (16384K), 3 survivors (3072K)
 Metaspace       used 35565K, committed 35968K, reserved 1114112K
  class space    used 4666K, committed 4864K, reserved 1048576K
}
Event: 4.960 GC heap after
{Heap after GC invocations=10 (full 0):
 garbage-first heap   total 48128K, used 18301K [0x0000000084000000, 0x0000000100000000)
  region size 1024K, 3 young (3072K), 3 survivors (3072K)
 Metaspace       used 35565K, committed 35968K, reserved 1114112K
  class space    used 4666K, committed 4864K, reserved 1048576K
}
Event: 5.385 GC heap before
{Heap before GC invocations=11 (full 0):
 garbage-first heap   total 48128K, used 35709K [0x0000000084000000, 0x0000000100000000)
  region size 1024K, 21 young (21504K), 3 survivors (3072K)
 Metaspace       used 39596K, committed 40064K, reserved 1114112K
  class space    used 5201K, committed 5440K, reserved 1048576K
}
Event: 5.389 GC heap after
{Heap after GC invocations=12 (full 0):
 garbage-first heap   total 48128K, used 20611K [0x0000000084000000, 0x0000000100000000)
  region size 1024K, 3 young (3072K), 3 survivors (3072K)
 Metaspace       used 39596K, committed 40064K, reserved 1114112K
  class space    used 5201K, committed 5440K, reserved 1048576K
}
Event: 5.404 GC heap before
{Heap before GC invocations=12 (full 0):
 garbage-first heap   total 48128K, used 21635K [0x0000000084000000, 0x0000000100000000)
  region size 1024K, 4 young (4096K), 3 survivors (3072K)
 Metaspace       used 39713K, committed 40128K, reserved 1114112K
  class space    used 5216K, committed 5440K, reserved 1048576K
}
Event: 5.412 GC heap after
{Heap after GC invocations=13 (full 0):
 garbage-first heap   total 48128K, used 20825K [0x0000000084000000, 0x0000000100000000)
  region size 1024K, 1 young (1024K), 1 survivors (1024K)
 Metaspace       used 39713K, committed 40128K, reserved 1114112K
  class space    used 5216K, committed 5440K, reserved 1048576K
}
Event: 5.728 GC heap before
{Heap before GC invocations=13 (full 0):
 garbage-first heap   total 48128K, used 37209K [0x0000000084000000, 0x0000000100000000)
  region size 1024K, 17 young (17408K), 1 survivors (1024K)
 Metaspace       used 42547K, committed 43008K, reserved 1114112K
  class space    used 5629K, committed 5824K, reserved 1048576K
}
Event: 5.731 GC heap after
{Heap after GC invocations=14 (full 0):
 garbage-first heap   total 97280K, used 21671K [0x0000000084000000, 0x0000000100000000)
  region size 1024K, 2 young (2048K), 2 survivors (2048K)
 Metaspace       used 42547K, committed 43008K, reserved 1114112K
  class space    used 5629K, committed 5824K, reserved 1048576K
}
Event: 6.557 GC heap before
{Heap before GC invocations=14 (full 0):
 garbage-first heap   total 97280K, used 74919K [0x0000000084000000, 0x0000000100000000)
  region size 1024K, 54 young (55296K), 2 survivors (2048K)
 Metaspace       used 47489K, committed 48000K, reserved 1114112K
  class space    used 6310K, committed 6528K, reserved 1048576K
}
Event: 6.563 GC heap after
{Heap after GC invocations=15 (full 0):
 garbage-first heap   total 97280K, used 25585K [0x0000000084000000, 0x0000000100000000)
  region size 1024K, 6 young (6144K), 6 survivors (6144K)
 Metaspace       used 47489K, committed 48000K, reserved 1114112K
  class space    used 6310K, committed 6528K, reserved 1048576K
}

