# JRE version: Java(TM) SE Runtime Environment (17.0.11+7) (build 17.0.11+7-LTS-207)
# Java VM: Java HotSpot(TM) 64-Bit Server VM (17.0.11+7-LTS-207, mixed mode, sharing, tiered, compressed oops, compressed class ptrs, g1 gc, windows-amd64)
GC Precious Log:
 CPUs: 8 total, 8 available
 Memory: 7932M
 Large Page Support: Disabled
 NUMA Support: Disabled
 Compressed Oops: Enabled (32-bit)
 Heap Region Size: 1M
 Heap Min Capacity: 8M
 Heap Initial Capacity: 124M
 Heap Max Capacity: 1984M
 Pre-touch: Disabled
 Parallel Workers: 8
 Concurrent Workers: 2
 Concurrent Refinement Workers: 8
 Periodic GC: Disabled
Heap:
 garbage-first heap   total 58368K, used 33827K [0x0000000084000000, 0x0000000100000000)
  region size 1024K, 7 young (7168K), 1 survivors (1024K)
 Metaspace       used 54752K, committed 55296K, reserved 1114112K
  class space    used 7227K, committed 7488K, reserved 1048576K
GC Heap History (20 events):
Event: 6.528 GC heap before
{Heap before GC invocations=11 (full 0):
 garbage-first heap   total 48128K, used 37397K [0x0000000084000000, 0x0000000100000000)
  region size 1024K, 19 young (19456K), 3 survivors (3072K)
 Metaspace       used 42410K, committed 42880K, reserved 1114112K
  class space    used 5611K, committed 5824K, reserved 1048576K
}
Event: 6.533 GC heap after
{Heap after GC invocations=12 (full 0):
 garbage-first heap   total 48128K, used 22712K [0x0000000084000000, 0x0000000100000000)
  region size 1024K, 2 young (2048K), 2 survivors (2048K)
 Metaspace       used 42410K, committed 42880K, reserved 1114112K
  class space    used 5611K, committed 5824K, reserved 1048576K
}
Event: 6.839 GC heap before
{Heap before GC invocations=12 (full 0):
 garbage-first heap   total 48128K, used 36024K [0x0000000084000000, 0x0000000100000000)
  region size 1024K, 16 young (16384K), 2 survivors (2048K)
 Metaspace       used 44091K, committed 44544K, reserved 1114112K
  class space    used 5827K, committed 6080K, reserved 1048576K
}
Event: 6.843 GC heap after
{Heap after GC invocations=13 (full 0):
 garbage-first heap   total 48128K, used 24101K [0x0000000084000000, 0x0000000100000000)
  region size 1024K, 2 young (2048K), 2 survivors (2048K)
 Metaspace       used 44091K, committed 44544K, reserved 1114112K
  class space    used 5827K, committed 6080K, reserved 1048576K
}
Event: 7.098 GC heap before
{Heap before GC invocations=13 (full 0):
 garbage-first heap   total 48128K, used 37413K [0x0000000084000000, 0x0000000100000000)
  region size 1024K, 15 young (15360K), 2 survivors (2048K)
 Metaspace       used 45607K, committed 46080K, reserved 1114112K
  class space    used 6051K, committed 6272K, reserved 1048576K
}
Event: 7.101 GC heap after
{Heap after GC invocations=14 (full 0):
 garbage-first heap   total 58368K, used 25156K [0x0000000084000000, 0x0000000100000000)
  region size 1024K, 2 young (2048K), 2 survivors (2048K)
 Metaspace       used 45607K, committed 46080K, reserved 1114112K
  class space    used 6051K, committed 6272K, reserved 1048576K
}
Event: 7.615 GC heap before
{Heap before GC invocations=15 (full 0):
 garbage-first heap   total 58368K, used 44612K [0x0000000084000000, 0x0000000100000000)
  region size 1024K, 21 young (21504K), 2 survivors (2048K)
 Metaspace       used 47066K, committed 47552K, reserved 1114112K
  class space    used 6244K, committed 6464K, reserved 1048576K
}
Event: 7.617 GC heap after
{Heap after GC invocations=16 (full 0):
 garbage-first heap   total 58368K, used 26618K [0x0000000084000000, 0x0000000100000000)
  region size 1024K, 3 young (3072K), 3 survivors (3072K)
 Metaspace       used 47066K, committed 47552K, reserved 1114112K
  class space    used 6244K, committed 6464K, reserved 1048576K
}
Event: 8.071 GC heap before
{Heap before GC invocations=16 (full 0):
 garbage-first heap   total 58368K, used 45050K [0x0000000084000000, 0x0000000100000000)
  region size 1024K, 22 young (22528K), 3 survivors (3072K)
 Metaspace       used 48676K, committed 49216K, reserved 1114112K
  class space    used 6468K, committed 6720K, reserved 1048576K
}
Event: 8.075 GC heap after
{Heap after GC invocations=17 (full 0):
 garbage-first heap   total 58368K, used 27912K [0x0000000084000000, 0x0000000100000000)
  region size 1024K, 3 young (3072K), 3 survivors (3072K)
 Metaspace       used 48676K, committed 49216K, reserved 1114112K
  class space    used 6468K, committed 6720K, reserved 1048576K
}
Event: 41.384 GC heap before
{Heap before GC invocations=17 (full 0):
 garbage-first heap   total 58368K, used 45320K [0x0000000084000000, 0x0000000100000000)
  region size 1024K, 21 young (21504K), 3 survivors (3072K)
 Metaspace       used 52511K, committed 53056K, reserved 1114112K
  class space    used 6966K, committed 7232K, reserved 1048576K
}
Event: 41.387 GC heap after
{Heap after GC invocations=18 (full 0):
 garbage-first heap   total 58368K, used 28950K [0x0000000084000000, 0x0000000100000000)
  region size 1024K, 3 young (3072K), 3 survivors (3072K)
 Metaspace       used 52511K, committed 53056K, reserved 1114112K
  class space    used 6966K, committed 7232K, reserved 1048576K
}
Event: 213.494 GC heap before
{Heap before GC invocations=18 (full 0):
 garbage-first heap   total 58368K, used 46358K [0x0000000084000000, 0x0000000100000000)
  region size 1024K, 20 young (20480K), 3 survivors (3072K)
 Metaspace       used 52712K, committed 53248K, reserved 1114112K
  class space    used 6968K, committed 7232K, reserved 1048576K
}
Event: 213.509 GC heap after
{Heap after GC invocations=19 (full 0):
 garbage-first heap   total 58368K, used 29078K [0x0000000084000000, 0x0000000100000000)
  region size 1024K, 2 young (2048K), 2 survivors (2048K)
 Metaspace       used 52712K, committed 53248K, reserved 1114112K
  class space    used 6968K, committed 7232K, reserved 1048576K
}
Event: 394.839 GC heap before
{Heap before GC invocations=20 (full 0):
 garbage-first heap   total 58368K, used 46486K [0x0000000084000000, 0x0000000100000000)
  region size 1024K, 19 young (19456K), 2 survivors (2048K)
 Metaspace       used 52841K, committed 53376K, reserved 1114112K
  class space    used 6966K, committed 7232K, reserved 1048576K
}
Event: 394.850 GC heap after
{Heap after GC invocations=21 (full 0):
 garbage-first heap   total 58368K, used 28962K [0x0000000084000000, 0x0000000100000000)
  region size 1024K, 2 young (2048K), 2 survivors (2048K)
 Metaspace       used 52841K, committed 53376K, reserved 1114112K
  class space    used 6966K, committed 7232K, reserved 1048576K
}
Event: 404.034 GC heap before
{Heap before GC invocations=21 (full 0):
 garbage-first heap   total 58368K, used 29986K [0x0000000084000000, 0x0000000100000000)
  region size 1024K, 3 young (3072K), 2 survivors (2048K)
 Metaspace       used 52846K, committed 53376K, reserved 1114112K
  class space    used 6966K, committed 7232K, reserved 1048576K
}
Event: 404.048 GC heap after
{Heap after GC invocations=22 (full 0):
 garbage-first heap   total 58368K, used 28332K [0x0000000084000000, 0x0000000100000000)
  region size 1024K, 1 young (1024K), 1 survivors (1024K)
 Metaspace       used 52846K, committed 53376K, reserved 1114112K
  class space    used 6966K, committed 7232K, reserved 1048576K
}
Event: 510.499 GC heap before
{Heap before GC invocations=22 (full 0):
 garbage-first heap   total 58368K, used 46764K [0x0000000084000000, 0x0000000100000000)
  region size 1024K, 20 young (20480K), 1 survivors (1024K)
 Metaspace       used 54750K, committed 55296K, reserved 1114112K
  class space    used 7227K, committed 7488K, reserved 1048576K
}
Event: 510.503 GC heap after
{Heap after GC invocations=23 (full 0):
 garbage-first heap   total 58368K, used 28707K [0x0000000084000000, 0x0000000100000000)
  region size 1024K, 1 young (1024K), 1 survivors (1024K)
 Metaspace       used 54750K, committed 55296K, reserved 1114112K
  class space    used 7227K, committed 7488K, reserved 1048576K
}

