# JRE version: Java(TM) SE Runtime Environment (17.0.11+7) (build 17.0.11+7-LTS-207)
# Java VM: Java HotSpot(TM) 64-Bit Server VM (17.0.11+7-LTS-207, mixed mode, sharing, tiered, compressed oops, compressed class ptrs, g1 gc, windows-amd64)
GC Precious Log:
 CPUs: 8 total, 8 available
 Memory: 7932M
 Large Page Support: Disabled
 NUMA Support: Disabled
 Compressed Oops: Enabled (32-bit)
 Heap Region Size: 1M
 Heap Min Capacity: 8M
 Heap Initial Capacity: 124M
 Heap Max Capacity: 1984M
 Pre-touch: Disabled
 Parallel Workers: 8
 Concurrent Workers: 2
 Concurrent Refinement Workers: 8
 Periodic GC: Disabled
Heap:
 garbage-first heap   total 61440K, used 32691K [0x0000000084000000, 0x0000000100000000)
  region size 1024K, 7 young (7168K), 1 survivors (1024K)
 Metaspace       used 53448K, committed 54016K, reserved 1114112K
  class space    used 7013K, committed 7296K, reserved 1048576K
GC Heap History (20 events):
Event: 8.231 GC heap before
{Heap before GC invocations=13 (full 0):
 garbage-first heap   total 61440K, used 46338K [0x0000000084000000, 0x0000000100000000)
  region size 1024K, 26 young (26624K), 1 survivors (1024K)
 Metaspace       used 44196K, committed 44672K, reserved 1114112K
  class space    used 5846K, committed 6080K, reserved 1048576K
}
Event: 8.236 GC heap after
{Heap after GC invocations=14 (full 0):
 garbage-first heap   total 61440K, used 22371K [0x0000000084000000, 0x0000000100000000)
  region size 1024K, 3 young (3072K), 3 survivors (3072K)
 Metaspace       used 44196K, committed 44672K, reserved 1114112K
  class space    used 5846K, committed 6080K, reserved 1048576K
}
Event: 9.030 GC heap before
{Heap before GC invocations=14 (full 0):
 garbage-first heap   total 61440K, used 46947K [0x0000000084000000, 0x0000000100000000)
  region size 1024K, 27 young (27648K), 3 survivors (3072K)
 Metaspace       used 46343K, committed 46848K, reserved 1114112K
  class space    used 6135K, committed 6400K, reserved 1048576K
}
Event: 9.037 GC heap after
{Heap after GC invocations=15 (full 0):
 garbage-first heap   total 61440K, used 24134K [0x0000000084000000, 0x0000000100000000)
  region size 1024K, 4 young (4096K), 4 survivors (4096K)
 Metaspace       used 46343K, committed 46848K, reserved 1114112K
  class space    used 6135K, committed 6400K, reserved 1048576K
}
Event: 9.667 GC heap before
{Heap before GC invocations=15 (full 0):
 garbage-first heap   total 61440K, used 47686K [0x0000000084000000, 0x0000000100000000)
  region size 1024K, 27 young (27648K), 4 survivors (4096K)
 Metaspace       used 48092K, committed 48640K, reserved 1114112K
  class space    used 6388K, committed 6656K, reserved 1048576K
}
Event: 9.673 GC heap after
{Heap after GC invocations=16 (full 0):
 garbage-first heap   total 61440K, used 25998K [0x0000000084000000, 0x0000000100000000)
  region size 1024K, 4 young (4096K), 4 survivors (4096K)
 Metaspace       used 48092K, committed 48640K, reserved 1114112K
  class space    used 6388K, committed 6656K, reserved 1048576K
}
Event: 39.781 GC heap before
{Heap before GC invocations=16 (full 0):
 garbage-first heap   total 61440K, used 47502K [0x0000000084000000, 0x0000000100000000)
  region size 1024K, 26 young (26624K), 4 survivors (4096K)
 Metaspace       used 51390K, committed 51968K, reserved 1114112K
  class space    used 6819K, committed 7104K, reserved 1048576K
}
Event: 39.789 GC heap after
{Heap after GC invocations=17 (full 0):
 garbage-first heap   total 61440K, used 27286K [0x0000000084000000, 0x0000000100000000)
  region size 1024K, 4 young (4096K), 4 survivors (4096K)
 Metaspace       used 51390K, committed 51968K, reserved 1114112K
  class space    used 6819K, committed 7104K, reserved 1048576K
}
Event: 192.744 GC heap before
{Heap before GC invocations=17 (full 0):
 garbage-first heap   total 61440K, used 48790K [0x0000000084000000, 0x0000000100000000)
  region size 1024K, 25 young (25600K), 4 survivors (4096K)
 Metaspace       used 52988K, committed 53632K, reserved 1114112K
  class space    used 7013K, committed 7296K, reserved 1048576K
}
Event: 192.758 GC heap after
{Heap after GC invocations=18 (full 0):
 garbage-first heap   total 61440K, used 27634K [0x0000000084000000, 0x0000000100000000)
  region size 1024K, 2 young (2048K), 2 survivors (2048K)
 Metaspace       used 52988K, committed 53632K, reserved 1114112K
  class space    used 7013K, committed 7296K, reserved 1048576K
}
Event: 412.963 GC heap before
{Heap before GC invocations=18 (full 0):
 garbage-first heap   total 61440K, used 49138K [0x0000000084000000, 0x0000000100000000)
  region size 1024K, 23 young (23552K), 2 survivors (2048K)
 Metaspace       used 53162K, committed 53760K, reserved 1114112K
  class space    used 7013K, committed 7296K, reserved 1048576K
}
Event: 412.968 GC heap after
{Heap after GC invocations=19 (full 0):
 garbage-first heap   total 61440K, used 27678K [0x0000000084000000, 0x0000000100000000)
  region size 1024K, 1 young (1024K), 1 survivors (1024K)
 Metaspace       used 53162K, committed 53760K, reserved 1114112K
  class space    used 7013K, committed 7296K, reserved 1048576K
}
Event: 643.121 GC heap before
{Heap before GC invocations=19 (full 0):
 garbage-first heap   total 61440K, used 50206K [0x0000000084000000, 0x0000000100000000)
  region size 1024K, 23 young (23552K), 1 survivors (1024K)
 Metaspace       used 53228K, committed 53824K, reserved 1114112K
  class space    used 7013K, committed 7296K, reserved 1048576K
}
Event: 643.124 GC heap after
{Heap after GC invocations=20 (full 0):
 garbage-first heap   total 61440K, used 27593K [0x0000000084000000, 0x0000000100000000)
  region size 1024K, 1 young (1024K), 1 survivors (1024K)
 Metaspace       used 53228K, committed 53824K, reserved 1114112K
  class space    used 7013K, committed 7296K, reserved 1048576K
}
Event: 888.514 GC heap before
{Heap before GC invocations=20 (full 0):
 garbage-first heap   total 61440K, used 51145K [0x0000000084000000, 0x0000000100000000)
  region size 1024K, 24 young (24576K), 1 survivors (1024K)
 Metaspace       used 53324K, committed 53952K, reserved 1114112K
  class space    used 7013K, committed 7296K, reserved 1048576K
}
Event: 888.518 GC heap after
{Heap after GC invocations=21 (full 0):
 garbage-first heap   total 61440K, used 27547K [0x0000000084000000, 0x0000000100000000)
  region size 1024K, 1 young (1024K), 1 survivors (1024K)
 Metaspace       used 53324K, committed 53952K, reserved 1114112K
  class space    used 7013K, committed 7296K, reserved 1048576K
}
Event: 1139.053 GC heap before
{Heap before GC invocations=21 (full 0):
 garbage-first heap   total 61440K, used 51099K [0x0000000084000000, 0x0000000100000000)
  region size 1024K, 24 young (24576K), 1 survivors (1024K)
 Metaspace       used 53395K, committed 53952K, reserved 1114112K
  class space    used 7013K, committed 7296K, reserved 1048576K
}
Event: 1139.076 GC heap after
{Heap after GC invocations=22 (full 0):
 garbage-first heap   total 61440K, used 27544K [0x0000000084000000, 0x0000000100000000)
  region size 1024K, 1 young (1024K), 1 survivors (1024K)
 Metaspace       used 53395K, committed 53952K, reserved 1114112K
  class space    used 7013K, committed 7296K, reserved 1048576K
}
Event: 1389.251 GC heap before
{Heap before GC invocations=22 (full 0):
 garbage-first heap   total 61440K, used 52120K [0x0000000084000000, 0x0000000100000000)
  region size 1024K, 25 young (25600K), 1 survivors (1024K)
 Metaspace       used 53441K, committed 54016K, reserved 1114112K
  class space    used 7013K, committed 7296K, reserved 1048576K
}
Event: 1389.261 GC heap after
{Heap after GC invocations=23 (full 0):
 garbage-first heap   total 61440K, used 27571K [0x0000000084000000, 0x0000000100000000)
  region size 1024K, 1 young (1024K), 1 survivors (1024K)
 Metaspace       used 53441K, committed 54016K, reserved 1114112K
  class space    used 7013K, committed 7296K, reserved 1048576K
}

